<?xml version="1.0" encoding="UTF-8"?>
<!-- Generated by org.testng.reporters.JUnitReportReporter -->
<testsuite hostname="Sahil" failures="0" tests="1" name="com.maven.App" time="9.217" errors="0" timestamp="2022-09-05T08:29:04 EDT" skipped="0">
  <testcase classname="com.maven.App" name="Setup" time="9.217"/>
  <system-out/>
</testsuite> <!-- com.maven.App -->
